<?xml version="1.0" encoding="UTF-8"?>
<!-- Generated by org.testng.reporters.JUnitXMLReporter -->
<testsuite hostname="Karthikavi" name="Test" tests="10" failures="0" timestamp="1 Oct 2017 16:46:51 GMT" time="39.001" errors="0">
  <testcase name="testSetUp" time="3.535" classname="testautomation.Basesetup"/>
  <testcase name="verifyUrl" time="5.682" classname="testautomation.Basesetup"/>
  <testcase name="testSetUp" time="2.222" classname="testautomation.homePage"/>
  <testcase name="verifyUrl" time="4.889" classname="testautomation.homePage"/>
  <testcase name="verifyHomePageTittle" time="0.014" classname="testautomation.homePage"/>
  <testcase name="searchComputerName" time="0.552" classname="testautomation.homePage"/>
  <testcase name="newComputer" time="8.798" classname="testautomation.addComputer"/>
  <testcase name="addComputerdetails" time="1.176" classname="testautomation.addComputer"/>
  <testcase name="editComputer" time="4.299" classname="testautomation.EditandDelete"/>
  <testcase name="deleteComputer" time="1.137" classname="testautomation.EditandDelete"/>
</testsuite> <!-- Test -->
